<?xml version="1.0" encoding="UTF-8"?>
<!-- Generated by org.testng.reporters.JUnitReportReporter -->
<testsuite hostname="Naveen" failures="0" tests="9" name="SpacexAPITest.SpaceX.v1.TC_SpacexAPI" time="12.480" errors="0" timestamp="2021-08-11T23:25:41 IST" skipped="0">
  <testcase classname="SpacexAPITest.SpaceX.v1.TC_SpacexAPI" name="checkResponseTime" time="0.869"/>
  <system-out/>
  <testcase classname="SpacexAPITest.SpaceX.v1.TC_SpacexAPI" name="verifyContent" time="0.867"/>
  <system-out/>
  <testcase classname="SpacexAPITest.SpaceX.v1.TC_SpacexAPI" name="verifyFairingCount" time="0.858"/>
  <system-out/>
  <testcase classname="SpacexAPITest.SpaceX.v1.TC_SpacexAPI" name="verifyPayloadCount" time="0.906"/>
  <system-out/>
  <testcase classname="SpacexAPITest.SpaceX.v1.TC_SpacexAPI" name="testGetRequestStatusCode" time="0.912"/>
  <system-out/>
  <testcase classname="SpacexAPITest.SpaceX.v1.TC_SpacexAPI" name="verifyHeaders" time="1.015"/>
  <system-out/>
  <testcase classname="SpacexAPITest.SpaceX.v1.TC_SpacexAPI" name="verifyesponse" time="0.902"/>
  <system-out/>
  <testcase classname="SpacexAPITest.SpaceX.v1.TC_SpacexAPI" name="checkShipCount" time="1.019"/>
  <system-out/>
  <testcase classname="SpacexAPITest.SpaceX.v1.TC_SpacexAPI" name="assertSuccess" time="5.132"/>
  <system-out/>
</testsuite> <!-- SpacexAPITest.SpaceX.v1.TC_SpacexAPI -->
