<?xml version="1.0" encoding="UTF-8"?>
<!-- Generated by org.testng.reporters.JUnitReportReporter -->
<testsuite skipped="0" hostname="Naveen" name="SpacexAPITest.SpaceX.v1.TC_SpacexAPI2" tests="1" failures="0" timestamp="2021-07-14T16:31:11 IST" time="6.353" errors="0">
  <testcase name="printAllMap" time="6.353" classname="SpacexAPITest.SpaceX.v1.TC_SpacexAPI2"/>
  <system-out/>
</testsuite> <!-- SpacexAPITest.SpaceX.v1.TC_SpacexAPI2 -->
